[debug] [2020-09-22T13:22:16.466Z] ----------------------------------------------------------------------
[debug] [2020-09-22T13:22:16.468Z] Command:       /usr/bin/node /usr/local/bin/firebase deploy --only functions
[debug] [2020-09-22T13:22:16.469Z] CLI Version:   8.10.0
[debug] [2020-09-22T13:22:16.469Z] Platform:      linux
[debug] [2020-09-22T13:22:16.469Z] Node Version:  v10.19.0
[debug] [2020-09-22T13:22:16.471Z] Time:          Tue Sep 22 2020 15:22:16 GMT+0200 (Central European Summer Time)
[debug] [2020-09-22T13:22:16.471Z] ----------------------------------------------------------------------
[debug] [2020-09-22T13:22:16.471Z] 
[debug] [2020-09-22T13:22:16.478Z] > command requires scopes: ["email","openid","https://www.googleapis.com/auth/cloudplatformprojects.readonly","https://www.googleapis.com/auth/firebase","https://www.googleapis.com/auth/cloud-platform"]
[debug] [2020-09-22T13:22:16.478Z] > authorizing via signed-in user
[debug] [2020-09-22T13:22:16.479Z] [iam] checking project marioplan-e13d9 for permissions ["cloudfunctions.functions.create","cloudfunctions.functions.delete","cloudfunctions.functions.get","cloudfunctions.functions.list","cloudfunctions.functions.update","cloudfunctions.operations.get","firebase.projects.get"]
[debug] [2020-09-22T13:22:16.481Z] > refreshing access token with scopes: ["email","https://www.googleapis.com/auth/cloud-platform","https://www.googleapis.com/auth/cloudplatformprojects.readonly","https://www.googleapis.com/auth/firebase","openid"]
[debug] [2020-09-22T13:22:16.481Z] >>> HTTP REQUEST POST https://www.googleapis.com/oauth2/v3/token  
 <request body omitted>
[debug] [2020-09-22T13:22:16.687Z] <<< HTTP RESPONSE 200 {"content-type":"application/json; charset=utf-8","vary":"X-Origin, Referer, Origin,Accept-Encoding","date":"Tue, 22 Sep 2020 13:22:16 GMT","server":"scaffolding on HTTPServer2","cache-control":"private","x-xss-protection":"0","x-frame-options":"SAMEORIGIN","x-content-type-options":"nosniff","alt-svc":"h3-Q050=\":443\"; ma=2592000,h3-29=\":443\"; ma=2592000,h3-27=\":443\"; ma=2592000,h3-T051=\":443\"; ma=2592000,h3-T050=\":443\"; ma=2592000,h3-Q046=\":443\"; ma=2592000,h3-Q043=\":443\"; ma=2592000,quic=\":443\"; ma=2592000; v=\"46,43\"","accept-ranges":"none","transfer-encoding":"chunked"}
[debug] [2020-09-22T13:22:16.701Z] >>> HTTP REQUEST POST https://cloudresourcemanager.googleapis.com/v1/projects/marioplan-e13d9:testIamPermissions  
 {"permissions":["cloudfunctions.functions.create","cloudfunctions.functions.delete","cloudfunctions.functions.get","cloudfunctions.functions.list","cloudfunctions.functions.update","cloudfunctions.operations.get","firebase.projects.get"]}
[debug] [2020-09-22T13:22:17.645Z] <<< HTTP RESPONSE 200 {"content-type":"application/json; charset=UTF-8","vary":"X-Origin, Referer, Origin,Accept-Encoding","date":"Tue, 22 Sep 2020 13:22:17 GMT","server":"ESF","cache-control":"private","x-xss-protection":"0","x-frame-options":"SAMEORIGIN","x-content-type-options":"nosniff","server-timing":"gfet4t7; dur=698","alt-svc":"h3-Q050=\":443\"; ma=2592000,h3-29=\":443\"; ma=2592000,h3-27=\":443\"; ma=2592000,h3-T051=\":443\"; ma=2592000,h3-T050=\":443\"; ma=2592000,h3-Q046=\":443\"; ma=2592000,h3-Q043=\":443\"; ma=2592000,quic=\":443\"; ma=2592000; v=\"46,43\"","accept-ranges":"none","transfer-encoding":"chunked"}
[debug] [2020-09-22T13:22:17.650Z] >>> HTTP REQUEST POST https://iam.googleapis.com/v1/projects/marioplan-e13d9/serviceAccounts/marioplan-e13d9@appspot.gserviceaccount.com:testIamPermissions  
 {"permissions":["iam.serviceAccounts.actAs"]}
[debug] [2020-09-22T13:22:18.570Z] <<< HTTP RESPONSE 200 {"content-type":"application/json; charset=UTF-8","vary":"X-Origin, Referer, Origin,Accept-Encoding","date":"Tue, 22 Sep 2020 13:22:18 GMT","server":"ESF","cache-control":"private","x-xss-protection":"0","x-frame-options":"SAMEORIGIN","x-content-type-options":"nosniff","alt-svc":"h3-Q050=\":443\"; ma=2592000,h3-29=\":443\"; ma=2592000,h3-27=\":443\"; ma=2592000,h3-T051=\":443\"; ma=2592000,h3-T050=\":443\"; ma=2592000,h3-Q046=\":443\"; ma=2592000,h3-Q043=\":443\"; ma=2592000,quic=\":443\"; ma=2592000; v=\"46,43\"","accept-ranges":"none","transfer-encoding":"chunked"}
[info] 
[info] === Deploying to 'marioplan-e13d9'...
[info] 
[info] i  deploying functions 
[debug] [2020-09-22T13:22:20.866Z] > [functions] package.json contents: {
  "name": "functions",
  "description": "Cloud Functions for Firebase",
  "scripts": {
    "serve": "firebase emulators:start --only functions",
    "shell": "firebase functions:shell",
    "start": "npm run shell",
    "deploy": "firebase deploy --only functions",
    "logs": "firebase functions:log"
  },
  "engines": {
    "node": "8"
  },
  "main": "index.js",
  "dependencies": {
    "firebase-admin": "^8.10.0",
    "firebase-functions": "^3.6.1"
  },
  "devDependencies": {
    "firebase-functions-test": "^0.2.0"
  },
  "private": true
}
[info] i  functions: ensuring required API cloudfunctions.googleapis.com is enabled... 
[warn] 
[warn] ⚠  functions: The Node.js 8 runtime is deprecated and will be decommissioned on 2021-03-15. For more information, see: https://firebase.google.com/support/faq#functions-runtime 
[warn] 
[debug] [2020-09-22T13:22:22.027Z] >>> HTTP REQUEST GET https://serviceusage.googleapis.com/v1/projects/marioplan-e13d9/services/cloudfunctions.googleapis.com  
 
[debug] [2020-09-22T13:22:22.028Z] >>> HTTP REQUEST GET https://serviceusage.googleapis.com/v1/projects/marioplan-e13d9/services/runtimeconfig.googleapis.com  
 
[debug] [2020-09-22T13:22:23.177Z] <<< HTTP RESPONSE 200 {"content-type":"application/json; charset=UTF-8","vary":"X-Origin, Referer, Origin,Accept-Encoding","date":"Tue, 22 Sep 2020 13:22:22 GMT","server":"ESF","cache-control":"private","x-xss-protection":"0","x-frame-options":"SAMEORIGIN","x-content-type-options":"nosniff","alt-svc":"h3-Q050=\":443\"; ma=2592000,h3-29=\":443\"; ma=2592000,h3-27=\":443\"; ma=2592000,h3-T051=\":443\"; ma=2592000,h3-T050=\":443\"; ma=2592000,h3-Q046=\":443\"; ma=2592000,h3-Q043=\":443\"; ma=2592000,quic=\":443\"; ma=2592000; v=\"46,43\"","accept-ranges":"none","transfer-encoding":"chunked"}
[debug] [2020-09-22T13:22:23.209Z] <<< HTTP RESPONSE 200 {"content-type":"application/json; charset=UTF-8","vary":"X-Origin, Referer, Origin,Accept-Encoding","date":"Tue, 22 Sep 2020 13:22:23 GMT","server":"ESF","cache-control":"private","x-xss-protection":"0","x-frame-options":"SAMEORIGIN","x-content-type-options":"nosniff","alt-svc":"h3-Q050=\":443\"; ma=2592000,h3-29=\":443\"; ma=2592000,h3-27=\":443\"; ma=2592000,h3-T051=\":443\"; ma=2592000,h3-T050=\":443\"; ma=2592000,h3-Q046=\":443\"; ma=2592000,h3-Q043=\":443\"; ma=2592000,quic=\":443\"; ma=2592000; v=\"46,43\"","accept-ranges":"none","transfer-encoding":"chunked"}
[info] ✔  functions: required API cloudfunctions.googleapis.com is enabled 
[debug] [2020-09-22T13:22:23.210Z] >>> HTTP REQUEST GET https://firebase.googleapis.com/v1beta1/projects/marioplan-e13d9/adminSdkConfig  
 
[debug] [2020-09-22T13:22:23.788Z] <<< HTTP RESPONSE 200 {"content-type":"application/json; charset=UTF-8","vary":"X-Origin, Referer, Origin,Accept-Encoding","date":"Tue, 22 Sep 2020 13:22:23 GMT","server":"ESF","cache-control":"private","x-xss-protection":"0","x-frame-options":"SAMEORIGIN","x-content-type-options":"nosniff","alt-svc":"h3-Q050=\":443\"; ma=2592000,h3-29=\":443\"; ma=2592000,h3-27=\":443\"; ma=2592000,h3-T051=\":443\"; ma=2592000,h3-T050=\":443\"; ma=2592000,h3-Q046=\":443\"; ma=2592000,h3-Q043=\":443\"; ma=2592000,quic=\":443\"; ma=2592000; v=\"46,43\"","accept-ranges":"none","transfer-encoding":"chunked"}
[info] i  functions: preparing functions directory for uploading... 
[debug] [2020-09-22T13:22:23.794Z] >>> HTTP REQUEST GET https://runtimeconfig.googleapis.com/v1beta1/projects/marioplan-e13d9/configs  
 
[debug] [2020-09-22T13:22:24.402Z] <<< HTTP RESPONSE 200 {"content-type":"application/json; charset=UTF-8","vary":"X-Origin, Referer, Origin,Accept-Encoding","date":"Tue, 22 Sep 2020 13:22:24 GMT","server":"ESF","cache-control":"private","x-xss-protection":"0","x-frame-options":"SAMEORIGIN","x-content-type-options":"nosniff","alt-svc":"h3-Q050=\":443\"; ma=2592000,h3-29=\":443\"; ma=2592000,h3-27=\":443\"; ma=2592000,h3-T051=\":443\"; ma=2592000,h3-T050=\":443\"; ma=2592000,h3-Q046=\":443\"; ma=2592000,h3-Q043=\":443\"; ma=2592000,quic=\":443\"; ma=2592000; v=\"46,43\"","accept-ranges":"none","transfer-encoding":"chunked"}
[info] i  functions: packaged functions (27.91 KB) for uploading 
[debug] [2020-09-22T13:22:24.887Z] >>> HTTP REQUEST GET https://cloudfunctions.googleapis.com/v1/projects/marioplan-e13d9/locations/-/functions  
 
[debug] [2020-09-22T13:22:25.635Z] <<< HTTP RESPONSE 200 {"content-type":"application/json; charset=UTF-8","vary":"X-Origin, Referer, Origin,Accept-Encoding","date":"Tue, 22 Sep 2020 13:22:25 GMT","server":"ESF","cache-control":"private","x-xss-protection":"0","x-frame-options":"SAMEORIGIN","x-content-type-options":"nosniff","alt-svc":"h3-Q050=\":443\"; ma=2592000,h3-29=\":443\"; ma=2592000,h3-27=\":443\"; ma=2592000,h3-T051=\":443\"; ma=2592000,h3-T050=\":443\"; ma=2592000,h3-Q046=\":443\"; ma=2592000,h3-Q043=\":443\"; ma=2592000,quic=\":443\"; ma=2592000; v=\"46,43\"","accept-ranges":"none","transfer-encoding":"chunked"}
[debug] [2020-09-22T13:22:25.645Z] >>> HTTP REQUEST POST https://cloudfunctions.googleapis.com/v1/projects/marioplan-e13d9/locations/us-central1/functions:generateUploadUrl  
 
[debug] [2020-09-22T13:22:26.424Z] <<< HTTP RESPONSE 200 {"content-type":"application/json; charset=UTF-8","vary":"X-Origin, Referer, Origin,Accept-Encoding","date":"Tue, 22 Sep 2020 13:22:26 GMT","server":"ESF","cache-control":"private","x-xss-protection":"0","x-frame-options":"SAMEORIGIN","x-content-type-options":"nosniff","alt-svc":"h3-Q050=\":443\"; ma=2592000,h3-29=\":443\"; ma=2592000,h3-27=\":443\"; ma=2592000,h3-T051=\":443\"; ma=2592000,h3-T050=\":443\"; ma=2592000,h3-Q046=\":443\"; ma=2592000,h3-Q043=\":443\"; ma=2592000,quic=\":443\"; ma=2592000; v=\"46,43\"","accept-ranges":"none","transfer-encoding":"chunked"}
[debug] [2020-09-22T13:22:26.426Z] >>> HTTP REQUEST PUT https://storage.googleapis.com/gcf-upload-us-central1-738adedd-c564-426e-91a4-23ce711319c3/d72f6ed0-2af6-4eee-943a-8e67bf3e7675.zip?GoogleAccessId=service-415854586983@gcf-admin-robot.iam.gserviceaccount.com&Expires=1600782746&Signature=FDbBcf402Z%2Fz7GCqILu7rjgHB%2FHEm2vlhf67KVwhur5gN6LUpBt7pDFHSW8Iynov2YyAEj6jg3qt0oQRaImgVWyp%2BA7n404zNHwiLDu45fJMko8fzW8HH52mLHv5%2B697lgSFFotj5PTSwcdcEegtCzI3q2kvu%2BYUxXiMqzQQ%2Bydb5JfW%2BqCSI7MjVz7jd5PMIX2tQ%2BZ%2FQ6OrhHAEMwCnX1XBWGVAlCJsoWqf0LK0eGsj3jUdZBotxJ%2BDScMgkysUWxpHSV0lbtOb0Sai8lugdDRI0vV6ym%2FvGXFxITu85zcfIf3yNpKQfG9YyWQpPRuwViU42dKzQ66oELCMqq3sWw%3D%3D  
 <request body omitted>
[debug] [2020-09-22T13:22:26.861Z] <<< HTTP RESPONSE 200 {"x-guploader-uploadid":"ABg5-Uzmf-UC5_XtZuEaBbxcCBAe8WISMkEACO3Iqu2e6Oqce2RVyFgVx1IgFy0kXxL0RO1s66epx46Yp8CY1WfKRxk","etag":"\"cacf9491cfbf781e64bf3550c623327f\"","x-goog-generation":"1600780946708681","x-goog-metageneration":"1","x-goog-hash":"crc32c=X0TUzw==, md5=ys+Ukc+/eB5kvzVQxiMyfw==","x-goog-stored-content-length":"28575","x-goog-stored-content-encoding":"identity","vary":"Origin","content-length":"0","date":"Tue, 22 Sep 2020 13:22:26 GMT","server":"UploadServer","content-type":"text/html; charset=UTF-8","alt-svc":"h3-Q050=\":443\"; ma=2592000,h3-29=\":443\"; ma=2592000,h3-27=\":443\"; ma=2592000,h3-T051=\":443\"; ma=2592000,h3-T050=\":443\"; ma=2592000,h3-Q046=\":443\"; ma=2592000,h3-Q043=\":443\"; ma=2592000,quic=\":443\"; ma=2592000; v=\"46,43\""}
[info] ✔  functions: functions folder uploaded successfully 
[info] i  functions: updating Node.js 8 (Deprecated) function helloWorld(us-central1)... 
[debug] [2020-09-22T13:22:26.872Z] Trigger is:  {"httpsTrigger":{}}
[info] i  functions: updating Node.js 8 (Deprecated) function projectCreated(us-central1)... 
[debug] [2020-09-22T13:22:26.873Z] Trigger is:  {"eventTrigger":{"resource":"projects/marioplan-e13d9/databases/(default)/documents/projects/{projectId}","eventType":"providers/cloud.firestore/eventTypes/document.create","service":"firestore.googleapis.com"}}
[info] i  functions: updating Node.js 8 (Deprecated) function userJoined(us-central1)... 
[debug] [2020-09-22T13:22:26.873Z] Trigger is:  {"eventTrigger":{"resource":"projects/marioplan-e13d9","eventType":"providers/firebase.auth/eventTypes/user.create","service":"firebaseauth.googleapis.com"}}
[debug] [2020-09-22T13:22:26.876Z] >>> HTTP REQUEST PATCH https://cloudfunctions.googleapis.com/v1/projects/marioplan-e13d9/locations/us-central1/functions/helloWorld {"updateMask":"sourceUploadUrl,name,labels,runtime,environmentVariables,httpsTrigger"} 
 {"sourceUploadUrl":"https://storage.googleapis.com/gcf-upload-us-central1-738adedd-c564-426e-91a4-23ce711319c3/d72f6ed0-2af6-4eee-943a-8e67bf3e7675.zip?GoogleAccessId=service-415854586983@gcf-admin-robot.iam.gserviceaccount.com&Expires=1600782746&Signature=FDbBcf402Z%2Fz7GCqILu7rjgHB%2FHEm2vlhf67KVwhur5gN6LUpBt7pDFHSW8Iynov2YyAEj6jg3qt0oQRaImgVWyp%2BA7n404zNHwiLDu45fJMko8fzW8HH52mLHv5%2B697lgSFFotj5PTSwcdcEegtCzI3q2kvu%2BYUxXiMqzQQ%2Bydb5JfW%2BqCSI7MjVz7jd5PMIX2tQ%2BZ%2FQ6OrhHAEMwCnX1XBWGVAlCJsoWqf0LK0eGsj3jUdZBotxJ%2BDScMgkysUWxpHSV0lbtOb0Sai8lugdDRI0vV6ym%2FvGXFxITu85zcfIf3yNpKQfG9YyWQpPRuwViU42dKzQ66oELCMqq3sWw%3D%3D","name":"projects/marioplan-e13d9/locations/us-central1/functions/helloWorld","labels":{"deployment-tool":"cli-firebase"},"httpsTrigger":{},"runtime":"nodejs8","environmentVariables":{"FIREBASE_CONFIG":"{\"projectId\":\"marioplan-e13d9\",\"databaseURL\":\"https://marioplan-e13d9.firebaseio.com\",\"storageBucket\":\"marioplan-e13d9.appspot.com\",\"locationId\":\"us-central\"}"}}
[debug] [2020-09-22T13:22:26.877Z] >>> HTTP REQUEST PATCH https://cloudfunctions.googleapis.com/v1/projects/marioplan-e13d9/locations/us-central1/functions/projectCreated {"updateMask":"sourceUploadUrl,name,labels,runtime,environmentVariables,eventTrigger.resource,eventTrigger.eventType,eventTrigger.service,eventTrigger.failurePolicy"} 
 {"sourceUploadUrl":"https://storage.googleapis.com/gcf-upload-us-central1-738adedd-c564-426e-91a4-23ce711319c3/d72f6ed0-2af6-4eee-943a-8e67bf3e7675.zip?GoogleAccessId=service-415854586983@gcf-admin-robot.iam.gserviceaccount.com&Expires=1600782746&Signature=FDbBcf402Z%2Fz7GCqILu7rjgHB%2FHEm2vlhf67KVwhur5gN6LUpBt7pDFHSW8Iynov2YyAEj6jg3qt0oQRaImgVWyp%2BA7n404zNHwiLDu45fJMko8fzW8HH52mLHv5%2B697lgSFFotj5PTSwcdcEegtCzI3q2kvu%2BYUxXiMqzQQ%2Bydb5JfW%2BqCSI7MjVz7jd5PMIX2tQ%2BZ%2FQ6OrhHAEMwCnX1XBWGVAlCJsoWqf0LK0eGsj3jUdZBotxJ%2BDScMgkysUWxpHSV0lbtOb0Sai8lugdDRI0vV6ym%2FvGXFxITu85zcfIf3yNpKQfG9YyWQpPRuwViU42dKzQ66oELCMqq3sWw%3D%3D","name":"projects/marioplan-e13d9/locations/us-central1/functions/projectCreated","labels":{"deployment-tool":"cli-firebase"},"eventTrigger":{"resource":"projects/marioplan-e13d9/databases/(default)/documents/projects/{projectId}","eventType":"providers/cloud.firestore/eventTypes/document.create","service":"firestore.googleapis.com"},"runtime":"nodejs8","environmentVariables":{"FIREBASE_CONFIG":"{\"projectId\":\"marioplan-e13d9\",\"databaseURL\":\"https://marioplan-e13d9.firebaseio.com\",\"storageBucket\":\"marioplan-e13d9.appspot.com\",\"locationId\":\"us-central\"}"}}
[debug] [2020-09-22T13:22:26.877Z] >>> HTTP REQUEST PATCH https://cloudfunctions.googleapis.com/v1/projects/marioplan-e13d9/locations/us-central1/functions/userJoined {"updateMask":"sourceUploadUrl,name,labels,runtime,environmentVariables,eventTrigger.resource,eventTrigger.eventType,eventTrigger.service,eventTrigger.failurePolicy"} 
 {"sourceUploadUrl":"https://storage.googleapis.com/gcf-upload-us-central1-738adedd-c564-426e-91a4-23ce711319c3/d72f6ed0-2af6-4eee-943a-8e67bf3e7675.zip?GoogleAccessId=service-415854586983@gcf-admin-robot.iam.gserviceaccount.com&Expires=1600782746&Signature=FDbBcf402Z%2Fz7GCqILu7rjgHB%2FHEm2vlhf67KVwhur5gN6LUpBt7pDFHSW8Iynov2YyAEj6jg3qt0oQRaImgVWyp%2BA7n404zNHwiLDu45fJMko8fzW8HH52mLHv5%2B697lgSFFotj5PTSwcdcEegtCzI3q2kvu%2BYUxXiMqzQQ%2Bydb5JfW%2BqCSI7MjVz7jd5PMIX2tQ%2BZ%2FQ6OrhHAEMwCnX1XBWGVAlCJsoWqf0LK0eGsj3jUdZBotxJ%2BDScMgkysUWxpHSV0lbtOb0Sai8lugdDRI0vV6ym%2FvGXFxITu85zcfIf3yNpKQfG9YyWQpPRuwViU42dKzQ66oELCMqq3sWw%3D%3D","name":"projects/marioplan-e13d9/locations/us-central1/functions/userJoined","labels":{"deployment-tool":"cli-firebase"},"eventTrigger":{"resource":"projects/marioplan-e13d9","eventType":"providers/firebase.auth/eventTypes/user.create","service":"firebaseauth.googleapis.com"},"runtime":"nodejs8","environmentVariables":{"FIREBASE_CONFIG":"{\"projectId\":\"marioplan-e13d9\",\"databaseURL\":\"https://marioplan-e13d9.firebaseio.com\",\"storageBucket\":\"marioplan-e13d9.appspot.com\",\"locationId\":\"us-central\"}"}}
[debug] [2020-09-22T13:22:27.783Z] <<< HTTP RESPONSE 200 {"content-type":"application/json; charset=UTF-8","vary":"X-Origin, Referer, Origin,Accept-Encoding","date":"Tue, 22 Sep 2020 13:22:27 GMT","server":"ESF","cache-control":"private","x-xss-protection":"0","x-frame-options":"SAMEORIGIN","x-content-type-options":"nosniff","alt-svc":"h3-Q050=\":443\"; ma=2592000,h3-29=\":443\"; ma=2592000,h3-27=\":443\"; ma=2592000,h3-T051=\":443\"; ma=2592000,h3-T050=\":443\"; ma=2592000,h3-Q046=\":443\"; ma=2592000,h3-Q043=\":443\"; ma=2592000,quic=\":443\"; ma=2592000; v=\"46,43\"","accept-ranges":"none","transfer-encoding":"chunked"}
[debug] [2020-09-22T13:22:27.787Z] <<< HTTP RESPONSE 200 {"content-type":"application/json; charset=UTF-8","vary":"X-Origin, Referer, Origin,Accept-Encoding","date":"Tue, 22 Sep 2020 13:22:27 GMT","server":"ESF","cache-control":"private","x-xss-protection":"0","x-frame-options":"SAMEORIGIN","x-content-type-options":"nosniff","alt-svc":"h3-Q050=\":443\"; ma=2592000,h3-29=\":443\"; ma=2592000,h3-27=\":443\"; ma=2592000,h3-T051=\":443\"; ma=2592000,h3-T050=\":443\"; ma=2592000,h3-Q046=\":443\"; ma=2592000,h3-Q043=\":443\"; ma=2592000,quic=\":443\"; ma=2592000; v=\"46,43\"","accept-ranges":"none","transfer-encoding":"chunked"}
[debug] [2020-09-22T13:22:27.789Z] <<< HTTP RESPONSE 200 {"content-type":"application/json; charset=UTF-8","vary":"X-Origin, Referer, Origin,Accept-Encoding","date":"Tue, 22 Sep 2020 13:22:27 GMT","server":"ESF","cache-control":"private","x-xss-protection":"0","x-frame-options":"SAMEORIGIN","x-content-type-options":"nosniff","alt-svc":"h3-Q050=\":443\"; ma=2592000,h3-29=\":443\"; ma=2592000,h3-27=\":443\"; ma=2592000,h3-T051=\":443\"; ma=2592000,h3-T050=\":443\"; ma=2592000,h3-Q046=\":443\"; ma=2592000,h3-Q043=\":443\"; ma=2592000,quic=\":443\"; ma=2592000; v=\"46,43\"","accept-ranges":"none","transfer-encoding":"chunked"}
[debug] [2020-09-22T13:22:27.791Z] >>> HTTP REQUEST GET https://cloudfunctions.googleapis.com/v1/projects/marioplan-e13d9/locations/-/functions  
 
[debug] [2020-09-22T13:22:28.397Z] <<< HTTP RESPONSE 200 {"content-type":"application/json; charset=UTF-8","vary":"X-Origin, Referer, Origin,Accept-Encoding","date":"Tue, 22 Sep 2020 13:22:28 GMT","server":"ESF","cache-control":"private","x-xss-protection":"0","x-frame-options":"SAMEORIGIN","x-content-type-options":"nosniff","alt-svc":"h3-Q050=\":443\"; ma=2592000,h3-29=\":443\"; ma=2592000,h3-27=\":443\"; ma=2592000,h3-T051=\":443\"; ma=2592000,h3-T050=\":443\"; ma=2592000,h3-Q046=\":443\"; ma=2592000,h3-Q043=\":443\"; ma=2592000,quic=\":443\"; ma=2592000; v=\"46,43\"","accept-ranges":"none","transfer-encoding":"chunked"}
[debug] [2020-09-22T13:22:28.402Z] >>> HTTP REQUEST GET https://cloudfunctions.googleapis.com/v1/operations/bWFyaW9wbGFuLWUxM2Q5L3VzLWNlbnRyYWwxL2hlbGxvV29ybGQvSV9rOE5ob0d4Wmc  
 
[debug] [2020-09-22T13:22:28.404Z] >>> HTTP REQUEST GET https://cloudfunctions.googleapis.com/v1/operations/bWFyaW9wbGFuLWUxM2Q5L3VzLWNlbnRyYWwxL3Byb2plY3RDcmVhdGVkL25QX2lWQ0lkUDFR  
 
[debug] [2020-09-22T13:22:28.405Z] >>> HTTP REQUEST GET https://cloudfunctions.googleapis.com/v1/operations/bWFyaW9wbGFuLWUxM2Q5L3VzLWNlbnRyYWwxL3VzZXJKb2luZWQvT1FjNC1TNW9KaUk  
 
[debug] [2020-09-22T13:22:28.704Z] <<< HTTP RESPONSE 200 {"content-type":"application/json; charset=UTF-8","vary":"X-Origin, Referer, Origin,Accept-Encoding","date":"Tue, 22 Sep 2020 13:22:28 GMT","server":"ESF","cache-control":"private","x-xss-protection":"0","x-frame-options":"SAMEORIGIN","x-content-type-options":"nosniff","alt-svc":"h3-Q050=\":443\"; ma=2592000,h3-29=\":443\"; ma=2592000,h3-27=\":443\"; ma=2592000,h3-T051=\":443\"; ma=2592000,h3-T050=\":443\"; ma=2592000,h3-Q046=\":443\"; ma=2592000,h3-Q043=\":443\"; ma=2592000,quic=\":443\"; ma=2592000; v=\"46,43\"","accept-ranges":"none","transfer-encoding":"chunked"}
[debug] [2020-09-22T13:22:28.707Z] <<< HTTP RESPONSE 200 {"content-type":"application/json; charset=UTF-8","vary":"X-Origin, Referer, Origin,Accept-Encoding","date":"Tue, 22 Sep 2020 13:22:28 GMT","server":"ESF","cache-control":"private","x-xss-protection":"0","x-frame-options":"SAMEORIGIN","x-content-type-options":"nosniff","alt-svc":"h3-Q050=\":443\"; ma=2592000,h3-29=\":443\"; ma=2592000,h3-27=\":443\"; ma=2592000,h3-T051=\":443\"; ma=2592000,h3-T050=\":443\"; ma=2592000,h3-Q046=\":443\"; ma=2592000,h3-Q043=\":443\"; ma=2592000,quic=\":443\"; ma=2592000; v=\"46,43\"","accept-ranges":"none","transfer-encoding":"chunked"}
[debug] [2020-09-22T13:22:28.709Z] <<< HTTP RESPONSE 200 {"content-type":"application/json; charset=UTF-8","vary":"X-Origin, Referer, Origin,Accept-Encoding","date":"Tue, 22 Sep 2020 13:22:28 GMT","server":"ESF","cache-control":"private","x-xss-protection":"0","x-frame-options":"SAMEORIGIN","x-content-type-options":"nosniff","alt-svc":"h3-Q050=\":443\"; ma=2592000,h3-29=\":443\"; ma=2592000,h3-27=\":443\"; ma=2592000,h3-T051=\":443\"; ma=2592000,h3-T050=\":443\"; ma=2592000,h3-Q046=\":443\"; ma=2592000,h3-Q043=\":443\"; ma=2592000,quic=\":443\"; ma=2592000; v=\"46,43\"","accept-ranges":"none","transfer-encoding":"chunked"}
[debug] [2020-09-22T13:22:30.709Z] >>> HTTP REQUEST GET https://cloudfunctions.googleapis.com/v1/operations/bWFyaW9wbGFuLWUxM2Q5L3VzLWNlbnRyYWwxL3VzZXJKb2luZWQvT1FjNC1TNW9KaUk  
 
[debug] [2020-09-22T13:22:30.710Z] >>> HTTP REQUEST GET https://cloudfunctions.googleapis.com/v1/operations/bWFyaW9wbGFuLWUxM2Q5L3VzLWNlbnRyYWwxL3Byb2plY3RDcmVhdGVkL25QX2lWQ0lkUDFR  
 
[debug] [2020-09-22T13:22:30.718Z] >>> HTTP REQUEST GET https://cloudfunctions.googleapis.com/v1/operations/bWFyaW9wbGFuLWUxM2Q5L3VzLWNlbnRyYWwxL2hlbGxvV29ybGQvSV9rOE5ob0d4Wmc  
 
[debug] [2020-09-22T13:22:31.161Z] <<< HTTP RESPONSE 200 {"content-type":"application/json; charset=UTF-8","vary":"X-Origin, Referer, Origin,Accept-Encoding","date":"Tue, 22 Sep 2020 13:22:30 GMT","server":"ESF","cache-control":"private","x-xss-protection":"0","x-frame-options":"SAMEORIGIN","x-content-type-options":"nosniff","alt-svc":"h3-Q050=\":443\"; ma=2592000,h3-29=\":443\"; ma=2592000,h3-27=\":443\"; ma=2592000,h3-T051=\":443\"; ma=2592000,h3-T050=\":443\"; ma=2592000,h3-Q046=\":443\"; ma=2592000,h3-Q043=\":443\"; ma=2592000,quic=\":443\"; ma=2592000; v=\"46,43\"","accept-ranges":"none","transfer-encoding":"chunked"}
[debug] [2020-09-22T13:22:31.164Z] <<< HTTP RESPONSE 200 {"content-type":"application/json; charset=UTF-8","vary":"X-Origin, Referer, Origin,Accept-Encoding","date":"Tue, 22 Sep 2020 13:22:30 GMT","server":"ESF","cache-control":"private","x-xss-protection":"0","x-frame-options":"SAMEORIGIN","x-content-type-options":"nosniff","alt-svc":"h3-Q050=\":443\"; ma=2592000,h3-29=\":443\"; ma=2592000,h3-27=\":443\"; ma=2592000,h3-T051=\":443\"; ma=2592000,h3-T050=\":443\"; ma=2592000,h3-Q046=\":443\"; ma=2592000,h3-Q043=\":443\"; ma=2592000,quic=\":443\"; ma=2592000; v=\"46,43\"","accept-ranges":"none","transfer-encoding":"chunked"}
[debug] [2020-09-22T13:22:31.166Z] <<< HTTP RESPONSE 200 {"content-type":"application/json; charset=UTF-8","vary":"X-Origin, Referer, Origin,Accept-Encoding","date":"Tue, 22 Sep 2020 13:22:30 GMT","server":"ESF","cache-control":"private","x-xss-protection":"0","x-frame-options":"SAMEORIGIN","x-content-type-options":"nosniff","alt-svc":"h3-Q050=\":443\"; ma=2592000,h3-29=\":443\"; ma=2592000,h3-27=\":443\"; ma=2592000,h3-T051=\":443\"; ma=2592000,h3-T050=\":443\"; ma=2592000,h3-Q046=\":443\"; ma=2592000,h3-Q043=\":443\"; ma=2592000,quic=\":443\"; ma=2592000; v=\"46,43\"","accept-ranges":"none","transfer-encoding":"chunked"}
[debug] [2020-09-22T13:22:33.165Z] >>> HTTP REQUEST GET https://cloudfunctions.googleapis.com/v1/operations/bWFyaW9wbGFuLWUxM2Q5L3VzLWNlbnRyYWwxL3VzZXJKb2luZWQvT1FjNC1TNW9KaUk  
 
[debug] [2020-09-22T13:22:33.166Z] >>> HTTP REQUEST GET https://cloudfunctions.googleapis.com/v1/operations/bWFyaW9wbGFuLWUxM2Q5L3VzLWNlbnRyYWwxL3Byb2plY3RDcmVhdGVkL25QX2lWQ0lkUDFR  
 
[debug] [2020-09-22T13:22:33.174Z] >>> HTTP REQUEST GET https://cloudfunctions.googleapis.com/v1/operations/bWFyaW9wbGFuLWUxM2Q5L3VzLWNlbnRyYWwxL2hlbGxvV29ybGQvSV9rOE5ob0d4Wmc  
 
[debug] [2020-09-22T13:22:33.620Z] <<< HTTP RESPONSE 200 {"content-type":"application/json; charset=UTF-8","vary":"X-Origin, Referer, Origin,Accept-Encoding","date":"Tue, 22 Sep 2020 13:22:33 GMT","server":"ESF","cache-control":"private","x-xss-protection":"0","x-frame-options":"SAMEORIGIN","x-content-type-options":"nosniff","alt-svc":"h3-Q050=\":443\"; ma=2592000,h3-29=\":443\"; ma=2592000,h3-27=\":443\"; ma=2592000,h3-T051=\":443\"; ma=2592000,h3-T050=\":443\"; ma=2592000,h3-Q046=\":443\"; ma=2592000,h3-Q043=\":443\"; ma=2592000,quic=\":443\"; ma=2592000; v=\"46,43\"","accept-ranges":"none","transfer-encoding":"chunked"}
[debug] [2020-09-22T13:22:33.622Z] <<< HTTP RESPONSE 200 {"content-type":"application/json; charset=UTF-8","vary":"X-Origin, Referer, Origin,Accept-Encoding","date":"Tue, 22 Sep 2020 13:22:33 GMT","server":"ESF","cache-control":"private","x-xss-protection":"0","x-frame-options":"SAMEORIGIN","x-content-type-options":"nosniff","alt-svc":"h3-Q050=\":443\"; ma=2592000,h3-29=\":443\"; ma=2592000,h3-27=\":443\"; ma=2592000,h3-T051=\":443\"; ma=2592000,h3-T050=\":443\"; ma=2592000,h3-Q046=\":443\"; ma=2592000,h3-Q043=\":443\"; ma=2592000,quic=\":443\"; ma=2592000; v=\"46,43\"","accept-ranges":"none","transfer-encoding":"chunked"}
[debug] [2020-09-22T13:22:33.624Z] <<< HTTP RESPONSE 200 {"content-type":"application/json; charset=UTF-8","vary":"X-Origin, Referer, Origin,Accept-Encoding","date":"Tue, 22 Sep 2020 13:22:33 GMT","server":"ESF","cache-control":"private","x-xss-protection":"0","x-frame-options":"SAMEORIGIN","x-content-type-options":"nosniff","alt-svc":"h3-Q050=\":443\"; ma=2592000,h3-29=\":443\"; ma=2592000,h3-27=\":443\"; ma=2592000,h3-T051=\":443\"; ma=2592000,h3-T050=\":443\"; ma=2592000,h3-Q046=\":443\"; ma=2592000,h3-Q043=\":443\"; ma=2592000,quic=\":443\"; ma=2592000; v=\"46,43\"","accept-ranges":"none","transfer-encoding":"chunked"}
[debug] [2020-09-22T13:22:35.623Z] >>> HTTP REQUEST GET https://cloudfunctions.googleapis.com/v1/operations/bWFyaW9wbGFuLWUxM2Q5L3VzLWNlbnRyYWwxL2hlbGxvV29ybGQvSV9rOE5ob0d4Wmc  
 
[debug] [2020-09-22T13:22:35.624Z] >>> HTTP REQUEST GET https://cloudfunctions.googleapis.com/v1/operations/bWFyaW9wbGFuLWUxM2Q5L3VzLWNlbnRyYWwxL3Byb2plY3RDcmVhdGVkL25QX2lWQ0lkUDFR  
 
[debug] [2020-09-22T13:22:35.630Z] >>> HTTP REQUEST GET https://cloudfunctions.googleapis.com/v1/operations/bWFyaW9wbGFuLWUxM2Q5L3VzLWNlbnRyYWwxL3VzZXJKb2luZWQvT1FjNC1TNW9KaUk  
 
[debug] [2020-09-22T13:22:36.077Z] <<< HTTP RESPONSE 200 {"content-type":"application/json; charset=UTF-8","vary":"X-Origin, Referer, Origin,Accept-Encoding","date":"Tue, 22 Sep 2020 13:22:35 GMT","server":"ESF","cache-control":"private","x-xss-protection":"0","x-frame-options":"SAMEORIGIN","x-content-type-options":"nosniff","alt-svc":"h3-Q050=\":443\"; ma=2592000,h3-29=\":443\"; ma=2592000,h3-27=\":443\"; ma=2592000,h3-T051=\":443\"; ma=2592000,h3-T050=\":443\"; ma=2592000,h3-Q046=\":443\"; ma=2592000,h3-Q043=\":443\"; ma=2592000,quic=\":443\"; ma=2592000; v=\"46,43\"","accept-ranges":"none","transfer-encoding":"chunked"}
[debug] [2020-09-22T13:22:36.079Z] <<< HTTP RESPONSE 200 {"content-type":"application/json; charset=UTF-8","vary":"X-Origin, Referer, Origin,Accept-Encoding","date":"Tue, 22 Sep 2020 13:22:35 GMT","server":"ESF","cache-control":"private","x-xss-protection":"0","x-frame-options":"SAMEORIGIN","x-content-type-options":"nosniff","alt-svc":"h3-Q050=\":443\"; ma=2592000,h3-29=\":443\"; ma=2592000,h3-27=\":443\"; ma=2592000,h3-T051=\":443\"; ma=2592000,h3-T050=\":443\"; ma=2592000,h3-Q046=\":443\"; ma=2592000,h3-Q043=\":443\"; ma=2592000,quic=\":443\"; ma=2592000; v=\"46,43\"","accept-ranges":"none","transfer-encoding":"chunked"}
[debug] [2020-09-22T13:22:36.081Z] <<< HTTP RESPONSE 200 {"content-type":"application/json; charset=UTF-8","vary":"X-Origin, Referer, Origin,Accept-Encoding","date":"Tue, 22 Sep 2020 13:22:35 GMT","server":"ESF","cache-control":"private","x-xss-protection":"0","x-frame-options":"SAMEORIGIN","x-content-type-options":"nosniff","alt-svc":"h3-Q050=\":443\"; ma=2592000,h3-29=\":443\"; ma=2592000,h3-27=\":443\"; ma=2592000,h3-T051=\":443\"; ma=2592000,h3-T050=\":443\"; ma=2592000,h3-Q046=\":443\"; ma=2592000,h3-Q043=\":443\"; ma=2592000,quic=\":443\"; ma=2592000; v=\"46,43\"","accept-ranges":"none","transfer-encoding":"chunked"}
[debug] [2020-09-22T13:22:38.081Z] >>> HTTP REQUEST GET https://cloudfunctions.googleapis.com/v1/operations/bWFyaW9wbGFuLWUxM2Q5L3VzLWNlbnRyYWwxL2hlbGxvV29ybGQvSV9rOE5ob0d4Wmc  
 
[debug] [2020-09-22T13:22:38.082Z] >>> HTTP REQUEST GET https://cloudfunctions.googleapis.com/v1/operations/bWFyaW9wbGFuLWUxM2Q5L3VzLWNlbnRyYWwxL3Byb2plY3RDcmVhdGVkL25QX2lWQ0lkUDFR  
 
[debug] [2020-09-22T13:22:38.087Z] >>> HTTP REQUEST GET https://cloudfunctions.googleapis.com/v1/operations/bWFyaW9wbGFuLWUxM2Q5L3VzLWNlbnRyYWwxL3VzZXJKb2luZWQvT1FjNC1TNW9KaUk  
 
[debug] [2020-09-22T13:22:38.349Z] <<< HTTP RESPONSE 200 {"content-type":"application/json; charset=UTF-8","vary":"X-Origin, Referer, Origin,Accept-Encoding","date":"Tue, 22 Sep 2020 13:22:38 GMT","server":"ESF","cache-control":"private","x-xss-protection":"0","x-frame-options":"SAMEORIGIN","x-content-type-options":"nosniff","alt-svc":"h3-Q050=\":443\"; ma=2592000,h3-29=\":443\"; ma=2592000,h3-27=\":443\"; ma=2592000,h3-T051=\":443\"; ma=2592000,h3-T050=\":443\"; ma=2592000,h3-Q046=\":443\"; ma=2592000,h3-Q043=\":443\"; ma=2592000,quic=\":443\"; ma=2592000; v=\"46,43\"","accept-ranges":"none","transfer-encoding":"chunked"}
[debug] [2020-09-22T13:22:38.357Z] <<< HTTP RESPONSE 200 {"content-type":"application/json; charset=UTF-8","vary":"X-Origin, Referer, Origin,Accept-Encoding","date":"Tue, 22 Sep 2020 13:22:38 GMT","server":"ESF","cache-control":"private","x-xss-protection":"0","x-frame-options":"SAMEORIGIN","x-content-type-options":"nosniff","alt-svc":"h3-Q050=\":443\"; ma=2592000,h3-29=\":443\"; ma=2592000,h3-27=\":443\"; ma=2592000,h3-T051=\":443\"; ma=2592000,h3-T050=\":443\"; ma=2592000,h3-Q046=\":443\"; ma=2592000,h3-Q043=\":443\"; ma=2592000,quic=\":443\"; ma=2592000; v=\"46,43\"","accept-ranges":"none","transfer-encoding":"chunked"}
[debug] [2020-09-22T13:22:38.457Z] <<< HTTP RESPONSE 200 {"content-type":"application/json; charset=UTF-8","vary":"X-Origin, Referer, Origin,Accept-Encoding","date":"Tue, 22 Sep 2020 13:22:38 GMT","server":"ESF","cache-control":"private","x-xss-protection":"0","x-frame-options":"SAMEORIGIN","x-content-type-options":"nosniff","alt-svc":"h3-Q050=\":443\"; ma=2592000,h3-29=\":443\"; ma=2592000,h3-27=\":443\"; ma=2592000,h3-T051=\":443\"; ma=2592000,h3-T050=\":443\"; ma=2592000,h3-Q046=\":443\"; ma=2592000,h3-Q043=\":443\"; ma=2592000,quic=\":443\"; ma=2592000; v=\"46,43\"","accept-ranges":"none","transfer-encoding":"chunked"}
[debug] [2020-09-22T13:22:40.352Z] >>> HTTP REQUEST GET https://cloudfunctions.googleapis.com/v1/operations/bWFyaW9wbGFuLWUxM2Q5L3VzLWNlbnRyYWwxL2hlbGxvV29ybGQvSV9rOE5ob0d4Wmc  
 
[debug] [2020-09-22T13:22:40.357Z] >>> HTTP REQUEST GET https://cloudfunctions.googleapis.com/v1/operations/bWFyaW9wbGFuLWUxM2Q5L3VzLWNlbnRyYWwxL3VzZXJKb2luZWQvT1FjNC1TNW9KaUk  
 
[debug] [2020-09-22T13:22:40.459Z] >>> HTTP REQUEST GET https://cloudfunctions.googleapis.com/v1/operations/bWFyaW9wbGFuLWUxM2Q5L3VzLWNlbnRyYWwxL3Byb2plY3RDcmVhdGVkL25QX2lWQ0lkUDFR  
 
[debug] [2020-09-22T13:22:40.628Z] <<< HTTP RESPONSE 200 {"content-type":"application/json; charset=UTF-8","vary":"X-Origin, Referer, Origin,Accept-Encoding","date":"Tue, 22 Sep 2020 13:22:40 GMT","server":"ESF","cache-control":"private","x-xss-protection":"0","x-frame-options":"SAMEORIGIN","x-content-type-options":"nosniff","alt-svc":"h3-Q050=\":443\"; ma=2592000,h3-29=\":443\"; ma=2592000,h3-27=\":443\"; ma=2592000,h3-T051=\":443\"; ma=2592000,h3-T050=\":443\"; ma=2592000,h3-Q046=\":443\"; ma=2592000,h3-Q043=\":443\"; ma=2592000,quic=\":443\"; ma=2592000; v=\"46,43\"","accept-ranges":"none","transfer-encoding":"chunked"}
[debug] [2020-09-22T13:22:40.633Z] <<< HTTP RESPONSE 200 {"content-type":"application/json; charset=UTF-8","vary":"X-Origin, Referer, Origin,Accept-Encoding","date":"Tue, 22 Sep 2020 13:22:40 GMT","server":"ESF","cache-control":"private","x-xss-protection":"0","x-frame-options":"SAMEORIGIN","x-content-type-options":"nosniff","alt-svc":"h3-Q050=\":443\"; ma=2592000,h3-29=\":443\"; ma=2592000,h3-27=\":443\"; ma=2592000,h3-T051=\":443\"; ma=2592000,h3-T050=\":443\"; ma=2592000,h3-Q046=\":443\"; ma=2592000,h3-Q043=\":443\"; ma=2592000,quic=\":443\"; ma=2592000; v=\"46,43\"","accept-ranges":"none","transfer-encoding":"chunked"}
[debug] [2020-09-22T13:22:40.740Z] <<< HTTP RESPONSE 200 {"content-type":"application/json; charset=UTF-8","vary":"X-Origin, Referer, Origin,Accept-Encoding","date":"Tue, 22 Sep 2020 13:22:40 GMT","server":"ESF","cache-control":"private","x-xss-protection":"0","x-frame-options":"SAMEORIGIN","x-content-type-options":"nosniff","alt-svc":"h3-Q050=\":443\"; ma=2592000,h3-29=\":443\"; ma=2592000,h3-27=\":443\"; ma=2592000,h3-T051=\":443\"; ma=2592000,h3-T050=\":443\"; ma=2592000,h3-Q046=\":443\"; ma=2592000,h3-Q043=\":443\"; ma=2592000,quic=\":443\"; ma=2592000; v=\"46,43\"","accept-ranges":"none","transfer-encoding":"chunked"}
[debug] [2020-09-22T13:22:42.631Z] >>> HTTP REQUEST GET https://cloudfunctions.googleapis.com/v1/operations/bWFyaW9wbGFuLWUxM2Q5L3VzLWNlbnRyYWwxL2hlbGxvV29ybGQvSV9rOE5ob0d4Wmc  
 
[debug] [2020-09-22T13:22:42.636Z] >>> HTTP REQUEST GET https://cloudfunctions.googleapis.com/v1/operations/bWFyaW9wbGFuLWUxM2Q5L3VzLWNlbnRyYWwxL3VzZXJKb2luZWQvT1FjNC1TNW9KaUk  
 
[debug] [2020-09-22T13:22:42.742Z] >>> HTTP REQUEST GET https://cloudfunctions.googleapis.com/v1/operations/bWFyaW9wbGFuLWUxM2Q5L3VzLWNlbnRyYWwxL3Byb2plY3RDcmVhdGVkL25QX2lWQ0lkUDFR  
 
[debug] [2020-09-22T13:22:42.896Z] <<< HTTP RESPONSE 200 {"content-type":"application/json; charset=UTF-8","vary":"X-Origin, Referer, Origin,Accept-Encoding","date":"Tue, 22 Sep 2020 13:22:42 GMT","server":"ESF","cache-control":"private","x-xss-protection":"0","x-frame-options":"SAMEORIGIN","x-content-type-options":"nosniff","alt-svc":"h3-Q050=\":443\"; ma=2592000,h3-29=\":443\"; ma=2592000,h3-27=\":443\"; ma=2592000,h3-T051=\":443\"; ma=2592000,h3-T050=\":443\"; ma=2592000,h3-Q046=\":443\"; ma=2592000,h3-Q043=\":443\"; ma=2592000,quic=\":443\"; ma=2592000; v=\"46,43\"","accept-ranges":"none","transfer-encoding":"chunked"}
[debug] [2020-09-22T13:22:42.902Z] <<< HTTP RESPONSE 200 {"content-type":"application/json; charset=UTF-8","vary":"X-Origin, Referer, Origin,Accept-Encoding","date":"Tue, 22 Sep 2020 13:22:42 GMT","server":"ESF","cache-control":"private","x-xss-protection":"0","x-frame-options":"SAMEORIGIN","x-content-type-options":"nosniff","alt-svc":"h3-Q050=\":443\"; ma=2592000,h3-29=\":443\"; ma=2592000,h3-27=\":443\"; ma=2592000,h3-T051=\":443\"; ma=2592000,h3-T050=\":443\"; ma=2592000,h3-Q046=\":443\"; ma=2592000,h3-Q043=\":443\"; ma=2592000,quic=\":443\"; ma=2592000; v=\"46,43\"","accept-ranges":"none","transfer-encoding":"chunked"}
[debug] [2020-09-22T13:22:43.142Z] <<< HTTP RESPONSE 200 {"content-type":"application/json; charset=UTF-8","vary":"X-Origin, Referer, Origin,Accept-Encoding","date":"Tue, 22 Sep 2020 13:22:43 GMT","server":"ESF","cache-control":"private","x-xss-protection":"0","x-frame-options":"SAMEORIGIN","x-content-type-options":"nosniff","alt-svc":"h3-Q050=\":443\"; ma=2592000,h3-29=\":443\"; ma=2592000,h3-27=\":443\"; ma=2592000,h3-T051=\":443\"; ma=2592000,h3-T050=\":443\"; ma=2592000,h3-Q046=\":443\"; ma=2592000,h3-Q043=\":443\"; ma=2592000,quic=\":443\"; ma=2592000; v=\"46,43\"","accept-ranges":"none","transfer-encoding":"chunked"}
[debug] [2020-09-22T13:22:44.899Z] >>> HTTP REQUEST GET https://cloudfunctions.googleapis.com/v1/operations/bWFyaW9wbGFuLWUxM2Q5L3VzLWNlbnRyYWwxL2hlbGxvV29ybGQvSV9rOE5ob0d4Wmc  
 
[debug] [2020-09-22T13:22:44.907Z] >>> HTTP REQUEST GET https://cloudfunctions.googleapis.com/v1/operations/bWFyaW9wbGFuLWUxM2Q5L3VzLWNlbnRyYWwxL3VzZXJKb2luZWQvT1FjNC1TNW9KaUk  
 
[debug] [2020-09-22T13:22:45.144Z] >>> HTTP REQUEST GET https://cloudfunctions.googleapis.com/v1/operations/bWFyaW9wbGFuLWUxM2Q5L3VzLWNlbnRyYWwxL3Byb2plY3RDcmVhdGVkL25QX2lWQ0lkUDFR  
 
[debug] [2020-09-22T13:22:45.153Z] <<< HTTP RESPONSE 200 {"content-type":"application/json; charset=UTF-8","vary":"X-Origin, Referer, Origin,Accept-Encoding","date":"Tue, 22 Sep 2020 13:22:45 GMT","server":"ESF","cache-control":"private","x-xss-protection":"0","x-frame-options":"SAMEORIGIN","x-content-type-options":"nosniff","alt-svc":"h3-Q050=\":443\"; ma=2592000,h3-29=\":443\"; ma=2592000,h3-27=\":443\"; ma=2592000,h3-T051=\":443\"; ma=2592000,h3-T050=\":443\"; ma=2592000,h3-Q046=\":443\"; ma=2592000,h3-Q043=\":443\"; ma=2592000,quic=\":443\"; ma=2592000; v=\"46,43\"","accept-ranges":"none","transfer-encoding":"chunked"}
[debug] [2020-09-22T13:22:45.188Z] <<< HTTP RESPONSE 200 {"content-type":"application/json; charset=UTF-8","vary":"X-Origin, Referer, Origin,Accept-Encoding","date":"Tue, 22 Sep 2020 13:22:45 GMT","server":"ESF","cache-control":"private","x-xss-protection":"0","x-frame-options":"SAMEORIGIN","x-content-type-options":"nosniff","alt-svc":"h3-Q050=\":443\"; ma=2592000,h3-29=\":443\"; ma=2592000,h3-27=\":443\"; ma=2592000,h3-T051=\":443\"; ma=2592000,h3-T050=\":443\"; ma=2592000,h3-Q046=\":443\"; ma=2592000,h3-Q043=\":443\"; ma=2592000,quic=\":443\"; ma=2592000; v=\"46,43\"","accept-ranges":"none","transfer-encoding":"chunked"}
[debug] [2020-09-22T13:22:45.600Z] <<< HTTP RESPONSE 200 {"content-type":"application/json; charset=UTF-8","vary":"X-Origin, Referer, Origin,Accept-Encoding","date":"Tue, 22 Sep 2020 13:22:45 GMT","server":"ESF","cache-control":"private","x-xss-protection":"0","x-frame-options":"SAMEORIGIN","x-content-type-options":"nosniff","alt-svc":"h3-Q050=\":443\"; ma=2592000,h3-29=\":443\"; ma=2592000,h3-27=\":443\"; ma=2592000,h3-T051=\":443\"; ma=2592000,h3-T050=\":443\"; ma=2592000,h3-Q046=\":443\"; ma=2592000,h3-Q043=\":443\"; ma=2592000,quic=\":443\"; ma=2592000; v=\"46,43\"","accept-ranges":"none","transfer-encoding":"chunked"}
[debug] [2020-09-22T13:22:47.155Z] >>> HTTP REQUEST GET https://cloudfunctions.googleapis.com/v1/operations/bWFyaW9wbGFuLWUxM2Q5L3VzLWNlbnRyYWwxL2hlbGxvV29ybGQvSV9rOE5ob0d4Wmc  
 
[debug] [2020-09-22T13:22:47.188Z] >>> HTTP REQUEST GET https://cloudfunctions.googleapis.com/v1/operations/bWFyaW9wbGFuLWUxM2Q5L3VzLWNlbnRyYWwxL3VzZXJKb2luZWQvT1FjNC1TNW9KaUk  
 
[debug] [2020-09-22T13:22:47.443Z] <<< HTTP RESPONSE 200 {"content-type":"application/json; charset=UTF-8","vary":"X-Origin, Referer, Origin,Accept-Encoding","date":"Tue, 22 Sep 2020 13:22:47 GMT","server":"ESF","cache-control":"private","x-xss-protection":"0","x-frame-options":"SAMEORIGIN","x-content-type-options":"nosniff","alt-svc":"h3-Q050=\":443\"; ma=2592000,h3-29=\":443\"; ma=2592000,h3-27=\":443\"; ma=2592000,h3-T051=\":443\"; ma=2592000,h3-T050=\":443\"; ma=2592000,h3-Q046=\":443\"; ma=2592000,h3-Q043=\":443\"; ma=2592000,quic=\":443\"; ma=2592000; v=\"46,43\"","accept-ranges":"none","transfer-encoding":"chunked"}
[debug] [2020-09-22T13:22:47.461Z] <<< HTTP RESPONSE 200 {"content-type":"application/json; charset=UTF-8","vary":"X-Origin, Referer, Origin,Accept-Encoding","date":"Tue, 22 Sep 2020 13:22:47 GMT","server":"ESF","cache-control":"private","x-xss-protection":"0","x-frame-options":"SAMEORIGIN","x-content-type-options":"nosniff","alt-svc":"h3-Q050=\":443\"; ma=2592000,h3-29=\":443\"; ma=2592000,h3-27=\":443\"; ma=2592000,h3-T051=\":443\"; ma=2592000,h3-T050=\":443\"; ma=2592000,h3-Q046=\":443\"; ma=2592000,h3-Q043=\":443\"; ma=2592000,quic=\":443\"; ma=2592000; v=\"46,43\"","accept-ranges":"none","transfer-encoding":"chunked"}
[debug] [2020-09-22T13:22:47.601Z] >>> HTTP REQUEST GET https://cloudfunctions.googleapis.com/v1/operations/bWFyaW9wbGFuLWUxM2Q5L3VzLWNlbnRyYWwxL3Byb2plY3RDcmVhdGVkL25QX2lWQ0lkUDFR  
 
[debug] [2020-09-22T13:22:48.058Z] <<< HTTP RESPONSE 200 {"content-type":"application/json; charset=UTF-8","vary":"X-Origin, Referer, Origin,Accept-Encoding","date":"Tue, 22 Sep 2020 13:22:47 GMT","server":"ESF","cache-control":"private","x-xss-protection":"0","x-frame-options":"SAMEORIGIN","x-content-type-options":"nosniff","alt-svc":"h3-Q050=\":443\"; ma=2592000,h3-29=\":443\"; ma=2592000,h3-27=\":443\"; ma=2592000,h3-T051=\":443\"; ma=2592000,h3-T050=\":443\"; ma=2592000,h3-Q046=\":443\"; ma=2592000,h3-Q043=\":443\"; ma=2592000,quic=\":443\"; ma=2592000; v=\"46,43\"","accept-ranges":"none","transfer-encoding":"chunked"}
[debug] [2020-09-22T13:22:49.446Z] >>> HTTP REQUEST GET https://cloudfunctions.googleapis.com/v1/operations/bWFyaW9wbGFuLWUxM2Q5L3VzLWNlbnRyYWwxL2hlbGxvV29ybGQvSV9rOE5ob0d4Wmc  
 
[debug] [2020-09-22T13:22:49.462Z] >>> HTTP REQUEST GET https://cloudfunctions.googleapis.com/v1/operations/bWFyaW9wbGFuLWUxM2Q5L3VzLWNlbnRyYWwxL3VzZXJKb2luZWQvT1FjNC1TNW9KaUk  
 
[debug] [2020-09-22T13:22:49.901Z] <<< HTTP RESPONSE 200 {"content-type":"application/json; charset=UTF-8","vary":"X-Origin, Referer, Origin,Accept-Encoding","date":"Tue, 22 Sep 2020 13:22:49 GMT","server":"ESF","cache-control":"private","x-xss-protection":"0","x-frame-options":"SAMEORIGIN","x-content-type-options":"nosniff","alt-svc":"h3-Q050=\":443\"; ma=2592000,h3-29=\":443\"; ma=2592000,h3-27=\":443\"; ma=2592000,h3-T051=\":443\"; ma=2592000,h3-T050=\":443\"; ma=2592000,h3-Q046=\":443\"; ma=2592000,h3-Q043=\":443\"; ma=2592000,quic=\":443\"; ma=2592000; v=\"46,43\"","accept-ranges":"none","transfer-encoding":"chunked"}
[debug] [2020-09-22T13:22:49.905Z] <<< HTTP RESPONSE 200 {"content-type":"application/json; charset=UTF-8","vary":"X-Origin, Referer, Origin,Accept-Encoding","date":"Tue, 22 Sep 2020 13:22:49 GMT","server":"ESF","cache-control":"private","x-xss-protection":"0","x-frame-options":"SAMEORIGIN","x-content-type-options":"nosniff","alt-svc":"h3-Q050=\":443\"; ma=2592000,h3-29=\":443\"; ma=2592000,h3-27=\":443\"; ma=2592000,h3-T051=\":443\"; ma=2592000,h3-T050=\":443\"; ma=2592000,h3-Q046=\":443\"; ma=2592000,h3-Q043=\":443\"; ma=2592000,quic=\":443\"; ma=2592000; v=\"46,43\"","accept-ranges":"none","transfer-encoding":"chunked"}
[debug] [2020-09-22T13:22:50.059Z] >>> HTTP REQUEST GET https://cloudfunctions.googleapis.com/v1/operations/bWFyaW9wbGFuLWUxM2Q5L3VzLWNlbnRyYWwxL3Byb2plY3RDcmVhdGVkL25QX2lWQ0lkUDFR  
 
[debug] [2020-09-22T13:22:50.333Z] <<< HTTP RESPONSE 200 {"content-type":"application/json; charset=UTF-8","vary":"X-Origin, Referer, Origin,Accept-Encoding","date":"Tue, 22 Sep 2020 13:22:50 GMT","server":"ESF","cache-control":"private","x-xss-protection":"0","x-frame-options":"SAMEORIGIN","x-content-type-options":"nosniff","alt-svc":"h3-Q050=\":443\"; ma=2592000,h3-29=\":443\"; ma=2592000,h3-27=\":443\"; ma=2592000,h3-T051=\":443\"; ma=2592000,h3-T050=\":443\"; ma=2592000,h3-Q046=\":443\"; ma=2592000,h3-Q043=\":443\"; ma=2592000,quic=\":443\"; ma=2592000; v=\"46,43\"","accept-ranges":"none","transfer-encoding":"chunked"}
